#
# There is insufficient memory for the Java Runtime Environment to continue.
# Native memory allocation (malloc) failed to allocate 949616 bytes for Chunk::new
# Possible reasons:
#   The system is out of physical RAM or swap space
#   In 32 bit mode, the process size limit was hit
# Possible solutions:
#   Reduce memory load on the system
#   Increase physical memory or swap space
#   Check if swap backing store is full
#   Use 64 bit Java on a 64 bit OS
#   Decrease Java heap size (-Xmx/-Xms)
#   Decrease number of Java threads
#   Decrease Java thread stack sizes (-Xss)
#   Set larger code cache with -XX:ReservedCodeCacheSize=
# This output file may be truncated or incomplete.
#
#  Out of Memory Error (allocation.cpp:390), pid=5136, tid=19364
#
# JRE version: Java(TM) SE Runtime Environment (8.0_91-b15) (build 1.8.0_91-b15)
# Java VM: Java HotSpot(TM) 64-Bit Server VM (25.91-b15 mixed mode windows-amd64 compressed oops)
# Failed to write core dump. Minidumps are not enabled by default on client versions of Windows
#

---------------  T H R E A D  ---------------

Current thread (0x0000000056aaf000):  JavaThread "C2 CompilerThread1" daemon [_thread_in_native, id=19364, stack(0x0000000058cd0000,0x0000000058dd0000)]

Stack: [0x0000000058cd0000,0x0000000058dd0000]
[error occurred during error reporting (printing stack bounds), id 0xc0000005]

Native frames: (J=compiled Java code, j=interpreted, Vv=VM code, C=native code)


Current CompileTask:
C2:  12159  941       4       java.awt.Container::validateTree (153 bytes)


---------------  P R O C E S S  ---------------

Java Threads: ( => current thread )
  0x000000000213e800 JavaThread "DestroyJavaVM" [_thread_blocked, id=16796, stack(0x00000000023b0000,0x00000000024b0000)]
  0x00000000591b7000 JavaThread "AWT-EventQueue-0" [_thread_blocked, id=18456, stack(0x000000005a430000,0x000000005a530000)]
  0x0000000059196800 JavaThread "AWT-Windows" daemon [_thread_in_native, id=18888, stack(0x00000000599e0000,0x0000000059ae0000)]
  0x0000000059195800 JavaThread "AWT-Shutdown" [_thread_blocked, id=13288, stack(0x00000000596c0000,0x00000000597c0000)]
  0x0000000059195000 JavaThread "Java2D Disposer" daemon [_thread_blocked, id=7244, stack(0x0000000059830000,0x0000000059930000)]
  0x0000000058e4c000 JavaThread "Service Thread" daemon [_thread_blocked, id=15208, stack(0x0000000059270000,0x0000000059370000)]
  0x0000000058dd4800 JavaThread "C1 CompilerThread2" daemon [_thread_blocked, id=19732, stack(0x0000000058b80000,0x0000000058c80000)]
=>0x0000000056aaf000 JavaThread "C2 CompilerThread1" daemon [_thread_in_native, id=19364, stack(0x0000000058cd0000,0x0000000058dd0000)]
  0x0000000056aa7800 JavaThread "C2 CompilerThread0" daemon [_thread_blocked, id=14796, stack(0x0000000058a30000,0x0000000058b30000)]
  0x0000000056aa5000 JavaThread "Attach Listener" daemon [_thread_blocked, id=6496, stack(0x0000000058590000,0x0000000058690000)]
  0x0000000056aa1800 JavaThread "Signal Dispatcher" daemon [_thread_blocked, id=5516, stack(0x0000000058870000,0x0000000058970000)]
  0x0000000056a89800 JavaThread "Finalizer" daemon [_thread_blocked, id=1696, stack(0x00000000586a0000,0x00000000587a0000)]
  0x0000000056a42000 JavaThread "Reference Handler" daemon [_thread_blocked, id=5244, stack(0x0000000058330000,0x0000000058430000)]

Other Threads:
  0x0000000056a3a800 VMThread [stack: 0x0000000058440000,0x0000000058540000] [id=5240]
  0x0000000058e7b000 WatcherThread [stack: 0x00000000593c0000,0x00000000594c0000] [id=10656]

VM state:not at safepoint (normal execution)

VM Mutex/Monitor currently owned by a thread: None

Heap:
 PSYoungGen      total 49664K, used 7293K [0x00000000d7000000, 0x00000000da280000, 0x0000000100000000)
  eden space 47616K, 15% used [0x00000000d7000000,0x00000000d76ff640,0x00000000d9e80000)
  from space 2048K, 6% used [0x00000000da080000,0x00000000da0a0000,0x00000000da280000)
  to   space 2048K, 0% used [0x00000000d9e80000,0x00000000d9e80000,0x00000000da080000)
 ParOldGen       total 84992K, used 35783K [0x0000000085000000, 0x000000008a300000, 0x00000000d7000000)
  object space 84992K, 42% used [0x0000000085000000,0x00000000872f1ca8,0x000000008a300000)
 Metaspace       used 9012K, capacity 9172K, committed 9344K, reserved 1056768K
  class space    used 1020K, capacity 1092K, committed 1152K, reserved 1048576K

Card table byte_map: [0x0000000011b40000,0x0000000011f20000] byte_map_base: 0x0000000011718000

Marking Bits: (ParMarkBitMap*) 0x000000006fdc2f70
 Begin Bits: [0x0000000012750000, 0x0000000014610000)
 End Bits:   [0x0000000014610000, 0x00000000164d0000)

Polling page: 0x0000000001b50000

CodeCache: size=245760Kb used=3434Kb max_used=3444Kb free=242325Kb
 bounds [0x0000000002780000, 0x0000000002af0000, 0x0000000011780000]
 total_blobs=1383 nmethods=944 adapters=351
 compilation: enabled

Compilation events (10 events):
Event: 11.991 Thread 0x0000000056aa7800 nmethod 938 0x0000000002adc610 code [0x0000000002adc900, 0x0000000002ade990]
Event: 11.992 Thread 0x0000000056aaf000  941       4       java.awt.Container::validateTree (153 bytes)
Event: 12.046 Thread 0x0000000056aa7800  942   !   4       java.awt.Container::mixOnValidating (99 bytes)
Event: 12.052 Thread 0x0000000056aa7800 nmethod 942 0x0000000002ac6a90 code [0x0000000002ac6c80, 0x0000000002ac7628]
Event: 12.063 Thread 0x0000000056aa7800  943       4       java.security.AccessControlContext::<init> (30 bytes)
Event: 12.064 Thread 0x0000000056aa7800 nmethod 943 0x0000000002aca6d0 code [0x0000000002aca800, 0x0000000002aca878]
Event: 12.076 Thread 0x0000000058dd4800  944       3       sun.font.FontUtilities::getFont2D (8 bytes)
Event: 12.076 Thread 0x0000000058dd4800 nmethod 944 0x0000000002aca090 code [0x0000000002aca200, 0x0000000002aca588]
Event: 12.076 Thread 0x0000000058dd4800  945  s    3       sun.font.FontAccess::getFontAccess (4 bytes)
Event: 12.076 Thread 0x0000000058dd4800 nmethod 945 0x0000000002ac9290 code [0x0000000002ac93e0, 0x0000000002ac9690]

GC Heap History (10 events):
Event: 10.498 GC heap before
{Heap before GC invocations=9 (full 0):
 PSYoungGen      total 30208K, used 28756K [0x00000000d7000000, 0x00000000d9280000, 0x0000000100000000)
  eden space 29696K, 96% used [0x00000000d7000000,0x00000000d8bf5260,0x00000000d8d00000)
  from space 512K, 25% used [0x00000000d9200000,0x00000000d9220000,0x00000000d9280000)
  to   space 2048K, 0% used [0x00000000d8e80000,0x00000000d8e80000,0x00000000d9080000)
 ParOldGen       total 84992K, used 1308K [0x0000000085000000, 0x000000008a300000, 0x00000000d7000000)
  object space 84992K, 1% used [0x0000000085000000,0x0000000085147060,0x000000008a300000)
 Metaspace       used 8988K, capacity 9172K, committed 9344K, reserved 1056768K
  class space    used 1020K, capacity 1092K, committed 1152K, reserved 1048576K
Event: 10.498 GC heap after
Heap after GC invocations=9 (full 0):
 PSYoungGen      total 31232K, used 160K [0x00000000d7000000, 0x00000000d9280000, 0x0000000100000000)
  eden space 29184K, 0% used [0x00000000d7000000,0x00000000d7000000,0x00000000d8c80000)
  from space 2048K, 7% used [0x00000000d8e80000,0x00000000d8ea8000,0x00000000d9080000)
  to   space 2048K, 0% used [0x00000000d9080000,0x00000000d9080000,0x00000000d9280000)
 ParOldGen       total 84992K, used 1332K [0x0000000085000000, 0x000000008a300000, 0x00000000d7000000)
  object space 84992K, 1% used [0x0000000085000000,0x000000008514d060,0x000000008a300000)
 Metaspace       used 8988K, capacity 9172K, committed 9344K, reserved 1056768K
  class space    used 1020K, capacity 1092K, committed 1152K, reserved 1048576K
}
Event: 10.825 GC heap before
{Heap before GC invocations=10 (full 0):
 PSYoungGen      total 31232K, used 27192K [0x00000000d7000000, 0x00000000d9280000, 0x0000000100000000)
  eden space 29184K, 92% used [0x00000000d7000000,0x00000000d8a66318,0x00000000d8c80000)
  from space 2048K, 7% used [0x00000000d8e80000,0x00000000d8ea8000,0x00000000d9080000)
  to   space 2048K, 0% used [0x00000000d9080000,0x00000000d9080000,0x00000000d9280000)
 ParOldGen       total 84992K, used 1332K [0x0000000085000000, 0x000000008a300000, 0x00000000d7000000)
  object space 84992K, 1% used [0x0000000085000000,0x000000008514d060,0x000000008a300000)
 Metaspace       used 8991K, capacity 9172K, committed 9344K, reserved 1056768K
  class space    used 1020K, capacity 1092K, committed 1152K, reserved 1048576K
Event: 10.826 GC heap after
Heap after GC invocations=10 (full 0):
 PSYoungGen      total 29184K, used 128K [0x00000000d7000000, 0x00000000d9100000, 0x0000000100000000)
  eden space 28672K, 0% used [0x00000000d7000000,0x00000000d7000000,0x00000000d8c00000)
  from space 512K, 25% used [0x00000000d9080000,0x00000000d90a0000,0x00000000d9100000)
  to   space 2048K, 0% used [0x00000000d8d00000,0x00000000d8d00000,0x00000000d8f00000)
 ParOldGen       total 84992K, used 1348K [0x0000000085000000, 0x000000008a300000, 0x00000000d7000000)
  object space 84992K, 1% used [0x0000000085000000,0x0000000085151060,0x000000008a300000)
 Metaspace       used 8991K, capacity 9172K, committed 9344K, reserved 1056768K
  class space    used 1020K, capacity 1092K, committed 1152K, reserved 1048576K
}
Event: 10.983 GC heap before
{Heap before GC invocations=11 (full 0):
 PSYoungGen      total 29184K, used 27986K [0x00000000d7000000, 0x00000000d9100000, 0x0000000100000000)
  eden space 28672K, 97% used [0x00000000d7000000,0x00000000d8b34a78,0x00000000d8c00000)
  from space 512K, 25% used [0x00000000d9080000,0x00000000d90a0000,0x00000000d9100000)
  to   space 2048K, 0% used [0x00000000d8d00000,0x00000000d8d00000,0x00000000d8f00000)
 ParOldGen       total 84992K, used 1348K [0x0000000085000000, 0x000000008a300000, 0x00000000d7000000)
  object space 84992K, 1% used [0x0000000085000000,0x0000000085151060,0x000000008a300000)
 Metaspace       used 9006K, capacity 9172K, committed 9344K, reserved 1056768K
  class space    used 1020K, capacity 1092K, committed 1152K, reserved 1048576K
Event: 10.986 GC heap after
Heap after GC invocations=11 (full 0):
 PSYoungGen      total 30208K, used 128K [0x00000000d7000000, 0x00000000d9100000, 0x0000000100000000)
  eden space 28160K, 0% used [0x00000000d7000000,0x00000000d7000000,0x00000000d8b80000)
  from space 2048K, 6% used [0x00000000d8d00000,0x00000000d8d20000,0x00000000d8f00000)
  to   space 2048K, 0% used [0x00000000d8f00000,0x00000000d8f00000,0x00000000d9100000)
 ParOldGen       total 84992K, used 9003K [0x0000000085000000, 0x000000008a300000, 0x00000000d7000000)
  object space 84992K, 10% used [0x0000000085000000,0x00000000858cad40,0x000000008a300000)
 Metaspace       used 9006K, capacity 9172K, committed 9344K, reserved 1056768K
  class space    used 1020K, capacity 1092K, committed 1152K, reserved 1048576K
}
Event: 11.092 GC heap before
{Heap before GC invocations=12 (full 0):
 PSYoungGen      total 30208K, used 27156K [0x00000000d7000000, 0x00000000d9100000, 0x0000000100000000)
  eden space 28160K, 95% used [0x00000000d7000000,0x00000000d8a653f8,0x00000000d8b80000)
  from space 2048K, 6% used [0x00000000d8d00000,0x00000000d8d20000,0x00000000d8f00000)
  to   space 2048K, 0% used [0x00000000d8f00000,0x00000000d8f00000,0x00000000d9100000)
 ParOldGen       total 84992K, used 9003K [0x0000000085000000, 0x000000008a300000, 0x00000000d7000000)
  object space 84992K, 10% used [0x0000000085000000,0x00000000858cad40,0x000000008a300000)
 Metaspace       used 9010K, capacity 9172K, committed 9344K, reserved 1056768K
  class space    used 1020K, capacity 1092K, committed 1152K, reserved 1048576K
Event: 11.095 GC heap after
Heap after GC invocations=12 (full 0):
 PSYoungGen      total 31744K, used 160K [0x00000000d7000000, 0x00000000da000000, 0x0000000100000000)
  eden space 29696K, 0% used [0x00000000d7000000,0x00000000d7000000,0x00000000d8d00000)
  from space 2048K, 7% used [0x00000000d8f00000,0x00000000d8f28000,0x00000000d9100000)
  to   space 2048K, 0% used [0x00000000d8d00000,0x00000000d8d00000,0x00000000d8f00000)
 ParOldGen       total 84992K, used 17619K [0x0000000085000000, 0x000000008a300000, 0x00000000d7000000)
  object space 84992K, 20% used [0x0000000085000000,0x0000000086134fa0,0x000000008a300000)
 Metaspace       used 9010K, capacity 9172K, committed 9344K, reserved 1056768K
  class space    used 1020K, capacity 1092K, committed 1152K, reserved 1048576K
}
Event: 11.225 GC heap before
{Heap before GC invocations=13 (full 0):
 PSYoungGen      total 31744K, used 27976K [0x00000000d7000000, 0x00000000da000000, 0x0000000100000000)
  eden space 29696K, 93% used [0x00000000d7000000,0x00000000d8b2a288,0x00000000d8d00000)
  from space 2048K, 7% used [0x00000000d8f00000,0x00000000d8f28000,0x00000000d9100000)
  to   space 2048K, 0% used [0x00000000d8d00000,0x00000000d8d00000,0x00000000d8f00000)
 ParOldGen       total 84992K, used 17619K [0x0000000085000000, 0x000000008a300000, 0x00000000d7000000)
  object space 84992K, 20% used [0x0000000085000000,0x0000000086134fa0,0x000000008a300000)
 Metaspace       used 9011K, capacity 9172K, committed 9344K, reserved 1056768K
  class space    used 1020K, capacity 1092K, committed 1152K, reserved 1048576K
Event: 11.228 GC heap after
Heap after GC invocations=13 (full 0):
 PSYoungGen      total 31744K, used 128K [0x00000000d7000000, 0x00000000da280000, 0x0000000100000000)
  eden space 29696K, 0% used [0x00000000d7000000,0x00000000d7000000,0x00000000d8d00000)
  from space 2048K, 6% used [0x00000000d8d00000,0x00000000d8d20000,0x00000000d8f00000)
  to   space 2048K, 0% used [0x00000000da080000,0x00000000da080000,0x00000000da280000)
 ParOldGen       total 84992K, used 26601K [0x0000000085000000, 0x000000008a300000, 0x00000000d7000000)
  object space 84992K, 31% used [0x0000000085000000,0x00000000869fa710,0x000000008a300000)
 Metaspace       used 9011K, capacity 9172K, committed 9344K, reserved 1056768K
  class space    used 1020K, capacity 1092K, committed 1152K, reserved 1048576K
}

Deoptimization events (1 events):
Event: 0.388 Thread 0x000000000213e800 Uncommon trap: reason=null_check action=make_not_entrant pc=0x00000000028ed428 method=java.lang.String.equals(Ljava/lang/Object;)Z @ 8

Internal exceptions (10 events):
Event: 0.053 Thread 0x000000000213e800 Exception <a 'java/lang/NoSuchMethodError': Method sun.misc.Unsafe.prefetchRead(Ljava/lang/Object;J)V name or signature does not match> (0x00000000d7007fa8) thrown at [C:\re\workspace\8-2-build-windows-amd64-cygwin\jdk8u91\7017\hotspot\src\share\vm\prims\j≤‹·ÜwŒ—?
Event: 0.278 Thread 0x000000000213e800 Exception <a 'java/security/PrivilegedActionException'> (0x00000000d707f2f8) thrown at [C:\re\workspace\8-2-build-windows-amd64-cygwin\jdk8u91\7017\hotspot\src\share\vm\prims\jvm.cpp, line 1386]
Event: 0.278 Thread 0x000000000213e800 Exception <a 'java/security/PrivilegedActionException'> (0x00000000d707f508) thrown at [C:\re\workspace\8-2-build-windows-amd64-cygwin\jdk8u91\7017\hotspot\src\share\vm\prims\jvm.cpp, line 1386]
Event: 0.280 Thread 0x000000000213e800 Exception <a 'java/security/PrivilegedActionException'> (0x00000000d7081bc0) thrown at [C:\re\workspace\8-2-build-windows-amd64-cygwin\jdk8u91\7017\hotspot\src\share\vm\prims\jvm.cpp, line 1386]
Event: 0.280 Thread 0x000000000213e800 Exception <a 'java/security/PrivilegedActionException'> (0x00000000d7081dd0) thrown at [C:\re\workspace\8-2-build-windows-amd64-cygwin\jdk8u91\7017\hotspot\src\share\vm\prims\jvm.cpp, line 1386]
Event: 0.288 Thread 0x000000000213e800 Exception <a 'java/io/FileNotFoundException'> (0x00000000d7084390) thrown at [C:\re\workspace\8-2-build-windows-amd64-cygwin\jdk8u91\7017\hotspot\src\share\vm\prims\jni.cpp, line 709]
Event: 0.332 Thread 0x000000000213e800 Exception <a 'java/lang/NoSuchFieldError': method resolution failed> (0x00000000d71f07b0) thrown at [C:\re\workspace\8-2-build-windows-amd64-cygwin\jdk8u91\7017\hotspot\src\share\vm\prims\methodHandles.cpp, line 1146]
Event: 0.333 Thread 0x000000000213e800 Exception <a 'java/lang/NoSuchFieldError': method resolution failed> (0x00000000d71fdb80) thrown at [C:\re\workspace\8-2-build-windows-amd64-cygwin\jdk8u91\7017\hotspot\src\share\vm\prims\methodHandles.cpp, line 1146]
Event: 0.361 Thread 0x000000000213e800 Exception <a 'java/io/FileNotFoundException'> (0x00000000d7292800) thrown at [C:\re\workspace\8-2-build-windows-amd64-cygwin\jdk8u91\7017\hotspot\src\share\vm\prims\jni.cpp, line 709]
Event: 0.388 Thread 0x000000000213e800 Implicit null exception at 0x00000000028ed252 to 0x00000000028ed419

Events (10 events):
Event: 10.825 Executing VM operation: ParallelGCFailedAllocation
Event: 10.826 Executing VM operation: ParallelGCFailedAllocation done
Event: 10.983 Executing VM operation: ParallelGCFailedAllocation
Event: 10.986 Executing VM operation: ParallelGCFailedAllocation done
Event: 11.057 loading class java/security/DomainCombiner
Event: 11.057 loading class java/security/DomainCombiner done
Event: 11.092 Executing VM operation: ParallelGCFailedAllocation
Event: 11.095 Executing VM operation: ParallelGCFailedAllocation done
Event: 11.225 Executing VM operation: ParallelGCFailedAllocation
Event: 11.228 Executing VM operation: ParallelGCFailedAllocation done


Dynamic libraries:
0x000000013f100000 - 0x000000013f137000 	C:\Java\jdk1.8.0_91\bin\javaw.exe
0x0000000077610000 - 0x00000000777ba000 	C:\Windows\SYSTEM32\ntdll.dll
0x00000000773f0000 - 0x000000007750f000 	C:\Windows\system32\kernel32.dll
0x000007fefd450000 - 0x000007fefd4ba000 	C:\Windows\system32\KERNELBASE.dll
0x000007fefe120000 - 0x000007fefe1fb000 	C:\Windows\system32\ADVAPI32.dll
0x000007fefe8d0000 - 0x000007fefe96f000 	C:\Windows\system32\msvcrt.dll
0x000007fefe970000 - 0x000007fefe98f000 	C:\Windows\SYSTEM32\sechost.dll
0x000007fefd7a0000 - 0x000007fefd8cd000 	C:\Windows\system32\RPCRT4.dll
0x0000000077510000 - 0x000000007760a000 	C:\Windows\system32\USER32.dll
0x000007fefdc90000 - 0x000007fefdcf7000 	C:\Windows\system32\GDI32.dll
0x000007fefeb20000 - 0x000007fefeb2e000 	C:\Windows\system32\LPK.dll
0x000007fefe3f0000 - 0x000007fefe4ba000 	C:\Windows\system32\USP10.dll
0x000007fefabf0000 - 0x000007fefade4000 	C:\Windows\WinSxS\amd64_microsoft.windows.common-controls_6595b64144ccf1df_6.0.7601.18837_none_fa3b1e3d17594757\COMCTL32.dll
0x000007fefe000000 - 0x000007fefe071000 	C:\Windows\system32\SHLWAPI.dll
0x000007fefdfd0000 - 0x000007fefdffe000 	C:\Windows\system32\IMM32.DLL
0x000007fefe4c0000 - 0x000007fefe5c9000 	C:\Windows\system32\MSCTF.dll
0x0000000056cf0000 - 0x0000000056dc2000 	C:\Java\jdk1.8.0_91\jre\bin\msvcr100.dll
0x000000006f5b0000 - 0x000000006fe43000 	C:\Java\jdk1.8.0_91\jre\bin\server\jvm.dll
0x000007feee890000 - 0x000007feee899000 	C:\Windows\system32\WSOCK32.dll
0x000007fefe5d0000 - 0x000007fefe61d000 	C:\Windows\system32\WS2_32.dll
0x000007fefe3e0000 - 0x000007fefe3e8000 	C:\Windows\system32\NSI.dll
0x000007fef88e0000 - 0x000007fef891b000 	C:\Windows\system32\WINMM.dll
0x000007fefc500000 - 0x000007fefc50c000 	C:\Windows\system32\VERSION.dll
0x00000000777d0000 - 0x00000000777d7000 	C:\Windows\system32\PSAPI.DLL
0x00000000744a0000 - 0x00000000744af000 	C:\Java\jdk1.8.0_91\jre\bin\verify.dll
0x000000006bbb0000 - 0x000000006bbd9000 	C:\Java\jdk1.8.0_91\jre\bin\java.dll
0x0000000074480000 - 0x0000000074496000 	C:\Java\jdk1.8.0_91\jre\bin\zip.dll
0x000007fefeb90000 - 0x000007feff91a000 	C:\Windows\system32\SHELL32.dll
0x000007fefe6c0000 - 0x000007fefe8c3000 	C:\Windows\system32\ole32.dll
0x000007fefd350000 - 0x000007fefd35f000 	C:\Windows\system32\profapi.dll
0x00000000594c0000 - 0x0000000059658000 	C:\Java\jdk1.8.0_91\jre\bin\awt.dll
0x000007fefd8d0000 - 0x000007fefd9aa000 	C:\Windows\system32\OLEAUT32.dll
0x000007fefa820000 - 0x000007fefa838000 	C:\Windows\system32\DWMAPI.DLL
0x000007fefd1a0000 - 0x000007fefd1af000 	C:\Windows\system32\CRYPTBASE.dll
0x0000000060e80000 - 0x0000000060ec7000 	C:\Java\jdk1.8.0_91\jre\bin\fontmanager.dll
0x0000000060460000 - 0x000000006048a000 	C:\Java\jdk1.8.0_91\jre\bin\dcpr.dll
0x000000006be50000 - 0x000000006be6a000 	C:\Java\jdk1.8.0_91\jre\bin\net.dll
0x000007fefcad0000 - 0x000007fefcb25000 	C:\Windows\system32\mswsock.dll
0x000007fefcd30000 - 0x000007fefcd37000 	C:\Windows\System32\wship6.dll
0x000000006bd20000 - 0x000000006bd31000 	C:\Java\jdk1.8.0_91\jre\bin\nio.dll
0x000000005fd30000 - 0x000000005fd72000 	C:\Java\jdk1.8.0_91\jre\bin\t2k.dll

VM Arguments:
jvm_args: -Dfile.encoding=Cp1251 
java_command: App
java_class_path (initial): D:\dev\java\Swing-sample\bin
Launcher Type: SUN_STANDARD

Environment Variables:
JAVA_HOME=C:\Java\jdk1.8.0_91
CLASSPATH=C:\oracle\instantclient_12_1\ojdbc6.jar;D:\install\apache-tomcat-6.0.45-windows-x64\apache-tomcat-6.0.45\webapps\InfoViewAppActions\WEB-INF\lib\jsf-api.jar
PATH=C:/Java/jdk1.8.0_91/bin/../jre/bin/server;C:/Java/jdk1.8.0_91/bin/../jre/bin;C:/Java/jdk1.8.0_91/bin/../jre/lib/amd64;C:\Java\jdk1.8.0_91\bin;C:\ProgramData\Oracle\Java\javapath;C:\Python34\;C:\Python34\Scripts;C:\oracle\instantclient_12_1;C:\Windows\system32;C:\Windows;C:\Windows\System32\Wbem;C:\Windows\System32\WindowsPowerShell\v1.0\;C:\Program Files (x86)\Microsoft SQL Server\110\Tools\Binn\;C:\Program Files\Microsoft SQL Server\110\Tools\Binn\;C:\Program Files (x86)\Microsoft SQL Server\110\Tools\Binn\ManagementStudio\;C:\Program Files (x86)\Microsoft SQL Server\110\DTS\Binn\;C:\Program Files (x86)\Skype\Phone\;C:\oracle\instantclient_12_1;C:\Program Files (x86)\Microsoft SQL Server\100\Tools\Binn\;C:\Program Files\Microsoft SQL Server\100\Tools\Binn\;C:\Program Files\Microsoft SQL Server\100\DTS\Binn\;C:\Program Files\Git\cmd;C:\Users\opolishc\.dnx\bin;C:\Program Files\Microsoft DNX\Dnvm\;C:\Program Files (x86)\Windows Kits\8.1\Windows Performance Toolkit\;C:\Program Files\Microsoft SQL Server\120\Tools\Binn\;C:\Program Files\Microsoft\Web Platform Installer\;D:\dev\maven-bin\bin;D:\install\apache-ant-1.9.7-bin\bin;C:\Program Files\Dell\Dell Data Protection\Encryption\;C:\Program Files\eclipse-jee-mars\eclipse;
USERNAME=opolishc
OS=Windows_NT
PROCESSOR_IDENTIFIER=Intel64 Family 6 Model 60 Stepping 3, GenuineIntel



---------------  S Y S T E M  ---------------

OS: Windows 7 , 64 bit Build 7601 (6.1.7601.23572)

CPU:total 4 (4 cores per cpu, 1 threads per core) family 6 model 60 stepping 3, cmov, cx8, fxsr, mmx, sse, sse2, sse3, ssse3, sse4.1, sse4.2, popcnt, avx, avx2, aes, clmul, erms, lzcnt, tsc, tscinvbit, bmi1, bmi2

Memory: 4k page, physical 8054604k(1169388k free), swap 14093320k(5484k free)

vm_info: Java HotSpot(TM) 64-Bit Server VM (25.91-b15) for windows-amd64 JRE (1.8.0_91-b15), built on May 20 2016 17:43:15 by "java_re" with MS VC++ 10.0 (VS2010)

time: Tue Dec 27 18:55:21 2016
elapsed time: 12 seconds (0d 0h 0m 12s)

